Active-HDL 15.0.261.9132 2025-01-14 08:00:59

Elaboration top modules:
Verilog Module                breadboard


-------------------------------------------------------------------------------------------
Verilog Module          | Library | Info | Compiler Version          | Compilation Options
-------------------------------------------------------------------------------------------
breadboard              | home    |      | 15.0.261.9132 (Windows64) | -O2 -sv2k17
rom                     | home    |      | 15.0.261.9132 (Windows64) | -O2 -sv2k17
parallel_adder          | home    |      | 15.0.261.9132 (Windows64) | -O2 -sv2k17
control                 | home    |      | 15.0.261.9132 (Windows64) | -O2 -sv2k17
comparator              | home    |      | 15.0.261.9132 (Windows64) | -O2 -sv2k17
comb_full_adder         | home    |      | 15.0.261.9132 (Windows64) | -O2 -sv2k17
full_adder              | home    |      | 15.0.261.9132 (Windows64) | -O2 -sv2k17
half_adder              | home    |      | 15.0.261.9132 (Windows64) | -O2 -sv2k17
register                | home    |      | 15.0.261.9132 (Windows64) | -O2 -sv2k17
d_flip_flop             | home    |      | 15.0.261.9132 (Windows64) | -O2 -sv2k17
-------------------------------------------------------------------------------------------

-------------------------------------------------------------------------------------------
Library                 | Comment
-------------------------------------------------------------------------------------------
home                    | None
-------------------------------------------------------------------------------------------
